[INFO ] 2024-02-23 19:02:29.435 [main] Stepdef - Setup2 executed...
[INFO ] 2024-02-23 19:02:29.549 [main] Stepdef - chrome browser launched
[INFO ] 2024-02-23 19:02:30.648 [main] Stepdef - url opened
[INFO ] 2024-02-23 19:02:31.234 [main] Stepdef - email address and password entered
[INFO ] 2024-02-23 19:02:34.943 [main] Stepdef - Clicked on login button
[WARN ] 2024-02-23 19:02:36.892 [main] Stepdef - Test passed: Login feature :Page title matched.
[INFO ] 2024-02-23 19:02:41.808 [main] Stepdef - user clicked on logout link.
[WARN ] 2024-02-23 19:02:41.935 [main] Stepdef - Test passed: Login feature :Page title matched.
[INFO ] 2024-02-24 15:31:20.730 [main] Stepdef - Setup2 executed...
[INFO ] 2024-02-24 15:31:20.830 [main] Stepdef - chrome browser launched
[INFO ] 2024-02-24 15:31:22.634 [main] Stepdef - url opened
[INFO ] 2024-02-24 15:31:23.213 [main] Stepdef - email address and password entered
[INFO ] 2024-02-24 15:31:26.014 [main] Stepdef - Clicked on login button
[INFO ] 2024-02-24 15:31:27.547 [main] Stepdef - user can view dashboard test passed.
[INFO ] 2024-02-24 15:31:30.697 [main] Stepdef - customer menu clicked
[INFO ] 2024-02-24 15:31:37.377 [main] Stepdef - customer menu item clicked
[INFO ] 2024-02-24 15:31:38.882 [main] Stepdef - clicked on add new button.
[INFO ] 2024-02-24 15:31:38.930 [main] Stepdef - User can view Add new customer page- passed
[INFO ] 2024-02-24 15:31:41.566 [main] Stepdef - customer information entered
[INFO ] 2024-02-24 15:31:42.679 [main] Stepdef - clicked on save button
[INFO ] 2024-02-24 15:31:43.579 [main] Stepdef - User can view confirmation message - passed
[INFO ] 2024-02-24 15:31:45.325 [main] Stepdef - Setup2 executed...
[INFO ] 2024-02-24 15:31:45.329 [main] Stepdef - chrome browser launched
[INFO ] 2024-02-24 15:31:47.205 [main] Stepdef - url opened
[INFO ] 2024-02-24 15:31:47.916 [main] Stepdef - email address and password entered
[INFO ] 2024-02-24 15:31:50.654 [main] Stepdef - Clicked on login button
[WARN ] 2024-02-24 15:31:52.315 [main] Stepdef - Test passed: Login feature :Page title matched.
[INFO ] 2024-02-24 15:31:57.190 [main] Stepdef - user clicked on logout link.
[WARN ] 2024-02-24 15:31:57.270 [main] Stepdef - Test passed: Login feature :Page title matched.
[INFO ] 2024-02-24 15:48:12.655 [main] Stepdef - Setup2 executed...
[INFO ] 2024-02-24 15:48:12.757 [main] Stepdef - chrome browser launched
[INFO ] 2024-02-24 15:48:14.758 [main] Stepdef - url opened
[INFO ] 2024-02-24 15:48:15.582 [main] Stepdef - email address and password entered
[INFO ] 2024-02-24 15:48:18.792 [main] Stepdef - Clicked on login button
[INFO ] 2024-02-24 15:48:20.459 [main] Stepdef - user can view dashboard test passed.
[INFO ] 2024-02-24 15:48:23.578 [main] Stepdef - customer menu clicked
[INFO ] 2024-02-24 15:48:28.501 [main] Stepdef - customer menu item clicked
[INFO ] 2024-02-24 15:48:30.074 [main] Stepdef - clicked on add new button.
[INFO ] 2024-02-24 15:48:30.089 [main] Stepdef - User can view Add new customer page- passed
[INFO ] 2024-02-24 15:48:32.299 [main] Stepdef - customer information entered
[INFO ] 2024-02-24 15:48:33.359 [main] Stepdef - clicked on save button
[INFO ] 2024-02-24 15:48:34.412 [main] Stepdef - User can view confirmation message - passed
[INFO ] 2024-02-24 15:48:34.679 [main] Stepdef - Browser closed
[INFO ] 2024-02-24 15:48:35.868 [main] Stepdef - Setup2 executed...
[INFO ] 2024-02-24 15:48:35.874 [main] Stepdef - chrome browser launched
[INFO ] 2024-02-24 15:48:37.510 [main] Stepdef - url opened
[INFO ] 2024-02-24 15:48:38.173 [main] Stepdef - email address and password entered
[INFO ] 2024-02-24 15:48:40.330 [main] Stepdef - Clicked on login button
[INFO ] 2024-02-24 15:48:42.057 [main] Stepdef - user can view dashboard test passed.
[INFO ] 2024-02-24 15:48:45.232 [main] Stepdef - customer menu clicked
[INFO ] 2024-02-24 15:48:50.314 [main] Stepdef - customer menu item clicked
[INFO ] 2024-02-24 15:48:51.076 [main] Stepdef - Email address entered
[INFO ] 2024-02-24 15:48:51.199 [main] Stepdef - Clicked on search button.
[INFO ] 2024-02-24 15:48:53.415 [main] Stepdef - Setup2 executed...
[INFO ] 2024-02-24 15:48:53.418 [main] Stepdef - chrome browser launched
[INFO ] 2024-02-24 15:48:54.530 [main] Stepdef - url opened
[INFO ] 2024-02-24 15:48:55.072 [main] Stepdef - email address and password entered
[INFO ] 2024-02-24 15:48:57.199 [main] Stepdef - Clicked on login button
[INFO ] 2024-02-24 15:48:58.955 [main] Stepdef - user can view dashboard test passed.
[INFO ] 2024-02-24 15:49:02.112 [main] Stepdef - customer menu clicked
[INFO ] 2024-02-24 15:49:07.029 [main] Stepdef - customer menu item clicked
[INFO ] 2024-02-24 15:49:08.083 [main] Stepdef - Clicked on search button.
[INFO ] 2024-02-24 15:49:08.415 [main] Stepdef - Browser closed
[INFO ] 2024-02-24 15:50:46.960 [main] Stepdef - Setup2 executed...
[INFO ] 2024-02-24 15:50:47.071 [main] Stepdef - chrome browser launched
[INFO ] 2024-02-24 15:50:47.980 [main] Stepdef - url opened
[INFO ] 2024-02-24 15:50:48.675 [main] Stepdef - email address and password entered
[INFO ] 2024-02-24 15:50:50.753 [main] Stepdef - Clicked on login button
[INFO ] 2024-02-24 15:50:52.780 [main] Stepdef - user can view dashboard test passed.
[INFO ] 2024-02-24 15:50:55.954 [main] Stepdef - customer menu clicked
[INFO ] 2024-02-24 15:51:01.036 [main] Stepdef - customer menu item clicked
[INFO ] 2024-02-24 15:51:02.568 [main] Stepdef - clicked on add new button.
[INFO ] 2024-02-24 15:51:02.588 [main] Stepdef - User can view Add new customer page- passed
[INFO ] 2024-02-24 15:51:05.390 [main] Stepdef - customer information entered
[INFO ] 2024-02-24 15:51:06.949 [main] Stepdef - clicked on save button
[INFO ] 2024-02-24 15:51:08.120 [main] Stepdef - User can view confirmation message - passed
[INFO ] 2024-02-24 15:51:08.383 [main] Stepdef - Browser closed
[INFO ] 2024-02-24 15:51:09.659 [main] Stepdef - Setup2 executed...
[INFO ] 2024-02-24 15:51:09.662 [main] Stepdef - chrome browser launched
[INFO ] 2024-02-24 15:51:11.387 [main] Stepdef - url opened
[INFO ] 2024-02-24 15:51:12.027 [main] Stepdef - email address and password entered
[INFO ] 2024-02-24 15:51:14.423 [main] Stepdef - Clicked on login button
[INFO ] 2024-02-24 15:51:16.223 [main] Stepdef - user can view dashboard test passed.
[INFO ] 2024-02-24 15:51:19.403 [main] Stepdef - customer menu clicked
[INFO ] 2024-02-24 15:51:24.534 [main] Stepdef - customer menu item clicked
[INFO ] 2024-02-24 15:51:25.331 [main] Stepdef - Email address entered
[INFO ] 2024-02-24 15:51:25.430 [main] Stepdef - Clicked on search button.
[INFO ] 2024-02-24 15:51:27.414 [main] Stepdef - Setup2 executed...
[INFO ] 2024-02-24 15:51:27.417 [main] Stepdef - chrome browser launched
[INFO ] 2024-02-24 15:51:28.480 [main] Stepdef - url opened
[INFO ] 2024-02-24 15:51:29.029 [main] Stepdef - email address and password entered
[INFO ] 2024-02-24 15:51:32.203 [main] Stepdef - Clicked on login button
[INFO ] 2024-02-24 15:51:33.923 [main] Stepdef - user can view dashboard test passed.
[INFO ] 2024-02-24 15:51:37.052 [main] Stepdef - customer menu clicked
[INFO ] 2024-02-24 15:51:42.103 [main] Stepdef - customer menu item clicked
[INFO ] 2024-02-24 15:51:43.386 [main] Stepdef - Clicked on search button.
[INFO ] 2024-02-24 15:51:43.823 [main] Stepdef - Browser closed
[INFO ] 2024-02-24 15:51:45.321 [main] Stepdef - Setup2 executed...
[INFO ] 2024-02-24 15:51:45.326 [main] Stepdef - chrome browser launched
[INFO ] 2024-02-24 15:51:46.286 [main] Stepdef - url opened
[INFO ] 2024-02-24 15:51:47.055 [main] Stepdef - email address and password entered
[INFO ] 2024-02-24 15:51:49.419 [main] Stepdef - Clicked on login button
[WARN ] 2024-02-24 15:51:50.417 [main] Stepdef - Test passed: Login feature :Page title matched.
[INFO ] 2024-02-24 15:51:55.213 [main] Stepdef - user clicked on logout link.
[WARN ] 2024-02-24 15:51:55.330 [main] Stepdef - Test passed: Login feature :Page title matched.
[INFO ] 2024-02-24 15:51:55.579 [main] Stepdef - Browser closed
[INFO ] 2024-02-24 15:51:57.024 [main] Stepdef - Setup2 executed...
[INFO ] 2024-02-24 15:51:57.029 [main] Stepdef - chrome browser launched
[INFO ] 2024-02-24 15:51:58.022 [main] Stepdef - url opened
[INFO ] 2024-02-24 15:51:58.629 [main] Stepdef - email address and password entered
[INFO ] 2024-02-24 15:52:00.796 [main] Stepdef - Clicked on login button
[WARN ] 2024-02-24 15:52:01.722 [main] Stepdef - Test passed: Login feature :Page title matched.
[INFO ] 2024-02-24 15:52:06.730 [main] Stepdef - user clicked on logout link.
[WARN ] 2024-02-24 15:52:06.832 [main] Stepdef - Test passed: Login feature :Page title matched.
[INFO ] 2024-02-24 15:52:07.058 [main] Stepdef - Browser closed
[INFO ] 2024-02-24 15:54:11.317 [main] Stepdef - Setup2 executed...
[INFO ] 2024-02-24 15:54:11.469 [main] Stepdef - chrome browser launched
[INFO ] 2024-02-24 15:54:13.208 [main] Stepdef - url opened
[INFO ] 2024-02-24 15:54:13.928 [main] Stepdef - email address and password entered
[INFO ] 2024-02-24 15:54:16.281 [main] Stepdef - Clicked on login button
[INFO ] 2024-02-24 15:54:18.117 [main] Stepdef - user can view dashboard test passed.
[INFO ] 2024-02-24 15:54:21.269 [main] Stepdef - customer menu clicked
[INFO ] 2024-02-24 15:54:26.403 [main] Stepdef - customer menu item clicked
[INFO ] 2024-02-24 15:54:27.923 [main] Stepdef - clicked on add new button.
[INFO ] 2024-02-24 15:54:27.973 [main] Stepdef - User can view Add new customer page- passed
[INFO ] 2024-02-24 15:54:30.284 [main] Stepdef - customer information entered
[INFO ] 2024-02-24 15:54:31.701 [main] Stepdef - clicked on save button
[INFO ] 2024-02-24 15:54:32.681 [main] Stepdef - User can view confirmation message - passed
[INFO ] 2024-02-24 15:54:32.933 [main] Stepdef - Browser closed
[INFO ] 2024-02-24 15:54:34.316 [main] Stepdef - Setup2 executed...
[INFO ] 2024-02-24 15:54:34.319 [main] Stepdef - chrome browser launched
[INFO ] 2024-02-24 15:54:36.032 [main] Stepdef - url opened
[INFO ] 2024-02-24 15:54:36.719 [main] Stepdef - email address and password entered
[INFO ] 2024-02-24 15:54:39.751 [main] Stepdef - Clicked on login button
[WARN ] 2024-02-24 15:54:41.503 [main] Stepdef - Test passed: Login feature :Page title matched.
[INFO ] 2024-02-24 15:54:46.430 [main] Stepdef - user clicked on logout link.
[WARN ] 2024-02-24 15:54:46.550 [main] Stepdef - Test passed: Login feature :Page title matched.
[INFO ] 2024-02-24 15:54:46.945 [main] Stepdef - Browser closed
